0 info it worked if it ends with ok
1 verbose cli [
1 verbose cli   'C:\\Program Files\\nodejs\\node.exe',
1 verbose cli   'C:\\Users\\User\\AppData\\Roaming\\npm\\node_modules\\npm\\bin\\npm-cli.js',
1 verbose cli   'run',
1 verbose cli   'test'
1 verbose cli ]
2 info using npm@3.10.8
3 info using node@v13.3.0
4 verbose run-script [ 'pretest', 'test', 'posttest' ]
5 info lifecycle catalog-page@1.0.0~pretest: catalog-page@1.0.0
6 silly lifecycle catalog-page@1.0.0~pretest: no script for pretest, continuing
7 info lifecycle catalog-page@1.0.0~test: catalog-page@1.0.0
8 verbose lifecycle catalog-page@1.0.0~test: unsafe-perm in lifecycle true
9 verbose lifecycle catalog-page@1.0.0~test: PATH: C:\Users\User\AppData\Roaming\npm\node_modules\npm\bin\node-gyp-bin;D:\Mate_academy\projects\layout_catalog\node_modules\.bin;C:\Program Files\Git\mingw64\bin;C:\Program Files\Git\usr\bin;C:\Users\User\bin;C:\Program Files (x86)\Intel\TXE Components\TCS;C:\Program Files\Intel\TXE Components\TCS;C:\WINDOWS\system32;C:\WINDOWS;C:\WINDOWS\System32\Wbem;C:\WINDOWS\System32\WindowsPowerShell\v1.0;C:\WINDOWS\System32\OpenSSH;C:\Program Files (x86)\Microsoft SQL Server\100\Tools\Binn;C:\Program Files\Microsoft SQL Server\100\Tools\Binn;C:\Program Files\Microsoft SQL Server\100\DTS\Binn;C:\Program Files (x86)\Microsoft SQL Server\100\Tools\Binn\VSShell\Common7\IDE;C:\Program Files (x86)\Microsoft SQL Server\100\DTS\Binn;C:\Program Files\nodejs;C:\Program Files\Git\cmd;C:\Users\User\AppData\Local\Microsoft\WindowsApps;C:\Users\User\AppData\Roaming\npm;C:\Users\User\AppData\Local\Programs\Microsoft VS Code\bin
10 verbose lifecycle catalog-page@1.0.0~test: CWD: D:\Mate_academy\projects\layout_catalog
11 silly lifecycle catalog-page@1.0.0~test: Args: [ '/d /s /c', 'npm run lint && npm run css:test' ]
12 silly lifecycle catalog-page@1.0.0~test: Returned: code: 1  signal: null
13 info lifecycle catalog-page@1.0.0~test: Failed to exec test script
14 verbose stack Error: catalog-page@1.0.0 test: `npm run lint && npm run css:test`
14 verbose stack Exit status 1
14 verbose stack     at EventEmitter.<anonymous> (C:\Users\User\AppData\Roaming\npm\node_modules\npm\lib\utils\lifecycle.js:255:16)
14 verbose stack     at EventEmitter.emit (events.js:219:5)
14 verbose stack     at ChildProcess.<anonymous> (C:\Users\User\AppData\Roaming\npm\node_modules\npm\lib\utils\spawn.js:40:14)
14 verbose stack     at ChildProcess.emit (events.js:219:5)
14 verbose stack     at maybeClose (internal/child_process.js:1027:16)
14 verbose stack     at Process.ChildProcess._handle.onexit (internal/child_process.js:285:5)
15 verbose pkgid catalog-page@1.0.0
16 verbose cwd D:\Mate_academy\projects\layout_catalog
17 error Windows_NT 10.0.18362
18 error argv "C:\\Program Files\\nodejs\\node.exe" "C:\\Users\\User\\AppData\\Roaming\\npm\\node_modules\\npm\\bin\\npm-cli.js" "run" "test"
19 error node v13.3.0
20 error npm  v3.10.8
21 error code ELIFECYCLE
22 error catalog-page@1.0.0 test: `npm run lint && npm run css:test`
22 error Exit status 1
23 error Failed at the catalog-page@1.0.0 test script 'npm run lint && npm run css:test'.
23 error Make sure you have the latest version of node.js and npm installed.
23 error If you do, this is most likely a problem with the catalog-page package,
23 error not with npm itself.
23 error Tell the author that this fails on your system:
23 error     npm run lint && npm run css:test
23 error You can get information on how to open an issue for this project with:
23 error     npm bugs catalog-page
23 error Or if that isn't available, you can get their info via:
23 error     npm owner ls catalog-page
23 error There is likely additional logging output above.
24 verbose exit [ 1, true ]
